-------------------------------------------------------------------------------
Test set: com.webtutsplus.ecommerce.SurveyBackendApplicationTests
-------------------------------------------------------------------------------
Tests run: 1, Failures: 0, Errors: 1, Skipped: 0, Time elapsed: 0.532 s <<< FAILURE! - in com.webtutsplus.ecommerce.SurveyBackendApplicationTests
com.webtutsplus.ecommerce.SurveyBackendApplicationTests  Time elapsed: 0.526 s  <<< ERROR!
java.lang.IllegalStateException: Unable to find a @SpringBootConfiguration, you need to use @ContextConfiguration or @SpringBootTest(classes=...) with your test

