<?xml version="1.0" encoding="UTF-8"?>
<testsuite xmlns:xsi="http://www.w3.org/2001/XMLSchema-instance" xsi:noNamespaceSchemaLocation="https://maven.apache.org/surefire/maven-surefire-plugin/xsd/surefire-test-report.xsd" name="com.webtutsplus.ecommerce.SurveyBackendApplicationTests" time="0.532" tests="1" errors="1" skipped="0" failures="0">
  <properties>
[...]
</properties>
  <testcase name="com.webtutsplus.ecommerce.SurveyBackendApplicationTests" classname="com.webtutsplus.ecommerce.SurveyBackendApplicationTests" time="0.526">
    <error message="Unable to find a @SpringBootConfiguration, you need to use @ContextConfiguration or @SpringBootTest(classes=...) with your test" type="java.lang.IllegalStateException">java.lang.IllegalStateException: Unable to find a @SpringBootConfiguration, you need to use @ContextConfiguration or @SpringBootTest(classes=...) with your test
</error>
    <system-out><![CDATA[23:52:24.656 [main] DEBUG org.springframework.test.context.BootstrapUtils - Instantiating CacheAwareContextLoaderDelegate from class [org.springframework.test.context.cache.DefaultCacheAwareContextLoaderDelegate]
23:52:24.687 [main] DEBUG org.springframework.test.context.BootstrapUtils - Instantiating BootstrapContext using constructor [public org.springframework.test.context.support.DefaultBootstrapContext(java.lang.Class,org.springframework.test.context.CacheAwareContextLoaderDelegate)]
23:52:24.766 [main] DEBUG org.springframework.test.context.BootstrapUtils - Instantiating TestContextBootstrapper for test class [com.webtutsplus.ecommerce.SurveyBackendApplicationTests] from class [org.springframework.boot.test.context.SpringBootTestContextBootstrapper]
23:52:24.790 [main] INFO org.springframework.boot.test.context.SpringBootTestContextBootstrapper - Neither @ContextConfiguration nor @ContextHierarchy found for test class [com.webtutsplus.ecommerce.SurveyBackendApplicationTests], using SpringBootContextLoader
23:52:24.798 [main] DEBUG org.springframework.test.context.support.AbstractContextLoader - Did not detect default resource location for test class [com.webtutsplus.ecommerce.SurveyBackendApplicationTests]: class path resource [com/webtutsplus/ecommerce/SurveyBackendApplicationTests-context.xml] does not exist
23:52:24.799 [main] DEBUG org.springframework.test.context.support.AbstractContextLoader - Did not detect default resource location for test class [com.webtutsplus.ecommerce.SurveyBackendApplicationTests]: class path resource [com/webtutsplus/ecommerce/SurveyBackendApplicationTestsContext.groovy] does not exist
23:52:24.799 [main] INFO org.springframework.test.context.support.AbstractContextLoader - Could not detect default resource locations for test class [com.webtutsplus.ecommerce.SurveyBackendApplicationTests]: no resource found for suffixes {-context.xml, Context.groovy}.
23:52:24.800 [main] INFO org.springframework.test.context.support.AnnotationConfigContextLoaderUtils - Could not detect default configuration classes for test class [com.webtutsplus.ecommerce.SurveyBackendApplicationTests]: SurveyBackendApplicationTests does not declare any static, non-private, non-final, nested classes annotated with @Configuration.
23:52:24.875 [main] DEBUG org.springframework.test.context.support.ActiveProfilesUtils - Could not find an 'annotation declaring class' for annotation type [org.springframework.test.context.ActiveProfiles] and class [com.webtutsplus.ecommerce.SurveyBackendApplicationTests]
23:52:24.968 [main] DEBUG org.springframework.test.context.BootstrapUtils - Instantiating CacheAwareContextLoaderDelegate from class [org.springframework.test.context.cache.DefaultCacheAwareContextLoaderDelegate]
23:52:24.970 [main] DEBUG org.springframework.test.context.BootstrapUtils - Instantiating BootstrapContext using constructor [public org.springframework.test.context.support.DefaultBootstrapContext(java.lang.Class,org.springframework.test.context.CacheAwareContextLoaderDelegate)]
23:52:24.971 [main] DEBUG org.springframework.test.context.BootstrapUtils - Instantiating TestContextBootstrapper for test class [com.webtutsplus.ecommerce.SurveyBackendApplicationTests] from class [org.springframework.boot.test.context.SpringBootTestContextBootstrapper]
23:52:24.972 [main] INFO org.springframework.boot.test.context.SpringBootTestContextBootstrapper - Neither @ContextConfiguration nor @ContextHierarchy found for test class [com.webtutsplus.ecommerce.SurveyBackendApplicationTests], using SpringBootContextLoader
23:52:24.973 [main] DEBUG org.springframework.test.context.support.AbstractContextLoader - Did not detect default resource location for test class [com.webtutsplus.ecommerce.SurveyBackendApplicationTests]: class path resource [com/webtutsplus/ecommerce/SurveyBackendApplicationTests-context.xml] does not exist
23:52:24.973 [main] DEBUG org.springframework.test.context.support.AbstractContextLoader - Did not detect default resource location for test class [com.webtutsplus.ecommerce.SurveyBackendApplicationTests]: class path resource [com/webtutsplus/ecommerce/SurveyBackendApplicationTestsContext.groovy] does not exist
23:52:24.974 [main] INFO org.springframework.test.context.support.AbstractContextLoader - Could not detect default resource locations for test class [com.webtutsplus.ecommerce.SurveyBackendApplicationTests]: no resource found for suffixes {-context.xml, Context.groovy}.
23:52:24.974 [main] INFO org.springframework.test.context.support.AnnotationConfigContextLoaderUtils - Could not detect default configuration classes for test class [com.webtutsplus.ecommerce.SurveyBackendApplicationTests]: SurveyBackendApplicationTests does not declare any static, non-private, non-final, nested classes annotated with @Configuration.
23:52:24.976 [main] DEBUG org.springframework.test.context.support.ActiveProfilesUtils - Could not find an 'annotation declaring class' for annotation type [org.springframework.test.context.ActiveProfiles] and class [com.webtutsplus.ecommerce.SurveyBackendApplicationTests]
23:52:25.014 [main] DEBUG org.springframework.test.context.BootstrapUtils - Instantiating CacheAwareContextLoaderDelegate from class [org.springframework.test.context.cache.DefaultCacheAwareContextLoaderDelegate]
23:52:25.014 [main] DEBUG org.springframework.test.context.BootstrapUtils - Instantiating BootstrapContext using constructor [public org.springframework.test.context.support.DefaultBootstrapContext(java.lang.Class,org.springframework.test.context.CacheAwareContextLoaderDelegate)]
23:52:25.014 [main] DEBUG org.springframework.test.context.BootstrapUtils - Instantiating TestContextBootstrapper for test class [com.webtutsplus.ecommerce.SurveyBackendApplicationTests] from class [org.springframework.boot.test.context.SpringBootTestContextBootstrapper]
23:52:25.015 [main] INFO org.springframework.boot.test.context.SpringBootTestContextBootstrapper - Neither @ContextConfiguration nor @ContextHierarchy found for test class [com.webtutsplus.ecommerce.SurveyBackendApplicationTests], using SpringBootContextLoader
23:52:25.016 [main] DEBUG org.springframework.test.context.support.AbstractContextLoader - Did not detect default resource location for test class [com.webtutsplus.ecommerce.SurveyBackendApplicationTests]: class path resource [com/webtutsplus/ecommerce/SurveyBackendApplicationTests-context.xml] does not exist
23:52:25.016 [main] DEBUG org.springframework.test.context.support.AbstractContextLoader - Did not detect default resource location for test class [com.webtutsplus.ecommerce.SurveyBackendApplicationTests]: class path resource [com/webtutsplus/ecommerce/SurveyBackendApplicationTestsContext.groovy] does not exist
23:52:25.016 [main] INFO org.springframework.test.context.support.AbstractContextLoader - Could not detect default resource locations for test class [com.webtutsplus.ecommerce.SurveyBackendApplicationTests]: no resource found for suffixes {-context.xml, Context.groovy}.
23:52:25.016 [main] INFO org.springframework.test.context.support.AnnotationConfigContextLoaderUtils - Could not detect default configuration classes for test class [com.webtutsplus.ecommerce.SurveyBackendApplicationTests]: SurveyBackendApplicationTests does not declare any static, non-private, non-final, nested classes annotated with @Configuration.
23:52:25.018 [main] DEBUG org.springframework.test.context.support.ActiveProfilesUtils - Could not find an 'annotation declaring class' for annotation type [org.springframework.test.context.ActiveProfiles] and class [com.webtutsplus.ecommerce.SurveyBackendApplicationTests]
]]></system-out>
  </testcase>
</testsuite>